2024-08-01T12:07:15.493+03:00  INFO 13508 --- [HealthCare] [main] c.m.HealthCare.HealthCareApplication     : Starting HealthCareApplication using Java 17.0.11 with PID 13508 (D:\Akshita\JavaProject\HealthCare\target\classes started by HP in D:\Akshita\JavaProject\HealthCare)
2024-08-01T12:07:15.502+03:00  INFO 13508 --- [HealthCare] [main] c.m.HealthCare.HealthCareApplication     : No active profile set, falling back to 1 default profile: "default"
2024-08-01T12:07:17.000+03:00  INFO 13508 --- [HealthCare] [main] .s.d.r.c.RepositoryConfigurationDelegate : Bootstrapping Spring Data JPA repositories in DEFAULT mode.
2024-08-01T12:07:17.174+03:00  INFO 13508 --- [HealthCare] [main] .s.d.r.c.RepositoryConfigurationDelegate : Finished Spring Data repository scanning in 152 ms. Found 6 JPA repository interfaces.
2024-08-01T12:07:18.337+03:00  INFO 13508 --- [HealthCare] [main] o.s.b.w.embedded.tomcat.TomcatWebServer  : Tomcat initialized with port 8443 (https)
2024-08-01T12:07:18.362+03:00  INFO 13508 --- [HealthCare] [main] o.apache.catalina.core.StandardService   : Starting service [Tomcat]
2024-08-01T12:07:18.362+03:00  INFO 13508 --- [HealthCare] [main] o.apache.catalina.core.StandardEngine    : Starting Servlet engine: [Apache Tomcat/10.1.25]
2024-08-01T12:07:18.477+03:00  INFO 13508 --- [HealthCare] [main] o.a.c.c.C.[Tomcat].[localhost].[/]       : Initializing Spring embedded WebApplicationContext
2024-08-01T12:07:18.478+03:00  INFO 13508 --- [HealthCare] [main] w.s.c.ServletWebServerApplicationContext : Root WebApplicationContext: initialization completed in 2889 ms
2024-08-01T12:07:18.732+03:00  INFO 13508 --- [HealthCare] [main] o.hibernate.jpa.internal.util.LogHelper  : HHH000204: Processing PersistenceUnitInfo [name: default]
2024-08-01T12:07:18.820+03:00  INFO 13508 --- [HealthCare] [main] org.hibernate.Version                    : HHH000412: Hibernate ORM core version 6.5.2.Final
2024-08-01T12:07:18.865+03:00  INFO 13508 --- [HealthCare] [main] o.h.c.internal.RegionFactoryInitiator    : HHH000026: Second-level cache disabled
2024-08-01T12:07:19.341+03:00  INFO 13508 --- [HealthCare] [main] o.s.o.j.p.SpringPersistenceUnitInfo      : No LoadTimeWeaver setup: ignoring JPA class transformer
2024-08-01T12:07:19.379+03:00  INFO 13508 --- [HealthCare] [main] com.zaxxer.hikari.HikariDataSource       : HikariPool-1 - Starting...
2024-08-01T12:07:19.789+03:00  INFO 13508 --- [HealthCare] [main] com.zaxxer.hikari.pool.HikariPool        : HikariPool-1 - Added connection com.mysql.cj.jdbc.ConnectionImpl@4df0d9f8
2024-08-01T12:07:19.794+03:00  INFO 13508 --- [HealthCare] [main] com.zaxxer.hikari.HikariDataSource       : HikariPool-1 - Start completed.
2024-08-01T12:07:21.364+03:00  INFO 13508 --- [HealthCare] [main] o.h.e.t.j.p.i.JtaPlatformInitiator       : HHH000489: No JTA platform available (set 'hibernate.transaction.jta.platform' to enable JTA platform integration)
2024-08-01T12:07:21.549+03:00  INFO 13508 --- [HealthCare] [main] j.LocalContainerEntityManagerFactoryBean : Initialized JPA EntityManagerFactory for persistence unit 'default'
2024-08-01T12:07:22.574+03:00  INFO 13508 --- [HealthCare] [main] o.s.d.j.r.query.QueryEnhancerFactory     : Hibernate is in classpath; If applicable, HQL parser will be used.
2024-08-01T12:07:22.904+03:00  WARN 13508 --- [HealthCare] [main] JpaBaseConfiguration$JpaWebConfiguration : spring.jpa.open-in-view is enabled by default. Therefore, database queries may be performed during view rendering. Explicitly configure spring.jpa.open-in-view to disable this warning
2024-08-01T12:07:22.942+03:00  INFO 13508 --- [HealthCare] [main] r$InitializeUserDetailsManagerConfigurer : Global AuthenticationManager configured with UserDetailsService bean with name securityUserDetailService
2024-08-01T12:07:23.915+03:00  INFO 13508 --- [HealthCare] [main] o.a.t.util.net.NioEndpoint.certificate   : Connector [https-jsse-nio-8443], TLS virtual host [_default_], certificate type [UNDEFINED] configured from keystore [C:\Users\HP\.keystore] using alias [mycert] with trust store [null]
2024-08-01T12:07:23.945+03:00  INFO 13508 --- [HealthCare] [main] o.s.b.w.embedded.tomcat.TomcatWebServer  : Tomcat started on port 8443 (https) with context path '/'
2024-08-01T12:07:23.966+03:00  INFO 13508 --- [HealthCare] [main] c.m.HealthCare.HealthCareApplication     : Started HealthCareApplication in 9.045 seconds (process running for 9.655)
2024-08-01T12:08:35.653+03:00  INFO 13508 --- [HealthCare] [https-jsse-nio-8443-exec-6] o.a.c.c.C.[Tomcat].[localhost].[/]       : Initializing Spring DispatcherServlet 'dispatcherServlet'
2024-08-01T12:08:35.654+03:00  INFO 13508 --- [HealthCare] [https-jsse-nio-8443-exec-6] o.s.web.servlet.DispatcherServlet        : Initializing Servlet 'dispatcherServlet'
2024-08-01T12:08:35.658+03:00  INFO 13508 --- [HealthCare] [https-jsse-nio-8443-exec-6] o.s.web.servlet.DispatcherServlet        : Completed initialization in 2 ms
2024-08-01T12:11:05.608+03:00  INFO 13508 --- [HealthCare] [https-jsse-nio-8443-exec-1] c.m.H.S.StaffRegisterServiceImpl         : new user added -patient
